Thu, 02 Feb 2017 20:48:45 Processing AAM USAGE Date for : 012217
Thu, 02 Feb 2017 20:50:12 Processing AAM USAGE Date for : 012217
Thu, 02 Feb 2017 20:50:58 Processing AAM USAGE Date for : 012217
Thu, 02 Feb 2017 20:53:20 Processing AAM USAGE Date for : 012217
Thu, 02 Feb 2017 20:57:30 Processing AAM USAGE Date for : 012217
Thu, 02 Feb 2017 20:57:37 Processing AAM USAGE Date for : 012217
Thu, 02 Feb 2017 20:57:50 Export to Google Storage Complete. 
Thu, 02 Feb 2017 20:59:16 Processing AAM USAGE Date for : 012217
Thu, 02 Feb 2017 20:59:29 Export to Google Storage Complete. 
Thu, 02 Feb 2017 21:01:54 Processing AAM USAGE Date for : 012217
Thu, 02 Feb 2017 21:02:17 Export to Google Storage Complete. 
Thu, 02 Feb 2017 21:03:00 Processing AAM USAGE Date for : 012217
Thu, 02 Feb 2017 21:03:45 Processing AAM USAGE Date for : 012217
Thu, 02 Feb 2017 21:04:18 Processing AAM USAGE Date for : 012217
Thu, 02 Feb 2017 21:04:50 Processing AAM USAGE Date for : 012217
Thu, 02 Feb 2017 21:05:04 Export to Google Storage Complete. 
Thu, 02 Feb 2017 21:09:05 Processing AAM USAGE Date for : 012217
Thu, 02 Feb 2017 21:09:33 Export to Google Storage Complete. 
Thu, 02 Feb 2017 21:17:57 Processing AAM USAGE Date for : 012217
Thu, 02 Feb 2017 21:18:14 Processing AAM USAGE Date for : 012217
Thu, 02 Feb 2017 21:18:40 Processing AAM USAGE Date for : 012217
Thu, 02 Feb 2017 21:19:28 Processing AAM USAGE Date for : 012217
Thu, 02 Feb 2017 21:20:15 Processing AAM USAGE Date for : 012217
Thu, 02 Feb 2017 21:21:04 Processing AAM USAGE Date for : 012217
Thu, 02 Feb 2017 21:21:26 Export to Google Storage Complete. 
Thu, 02 Feb 2017 21:36:27 Processing AAM USAGE Date for : 012517
Thu, 02 Feb 2017 21:36:34 Export to Google Storage Complete. 
Thu, 02 Feb 2017 21:39:57 Processing AAM USAGE Date for : 012517
Thu, 02 Feb 2017 21:40:04 Export to Google Storage Complete. 
Thu, 02 Feb 2017 21:43:35 Processing AAM USAGE Date for : 012517
Thu, 02 Feb 2017 21:43:54 Export to Google Storage Complete. 
Thu, 02 Feb 2017 21:44:48 Processing AAM USAGE Date for : 012217
Thu, 02 Feb 2017 21:45:06 Export to Google Storage Complete. 
Mon, 06 Feb 2017 16:17:02 Processing singlecopy file  : /home/nimbul3/singlecopy/incoming/DSSBBYPFTP020117.TXT
Mon, 06 Feb 2017 16:17:02 Processing singlecopy file  : /home/nimbul3/singlecopy/incoming/SB012917.TXT
Mon, 06 Feb 2017 16:17:46 Processing singlecopy file  : /home/nimbul3/singlecopy/incoming/DSSBBYPFTP020117.TXT
Mon, 06 Feb 2017 16:17:47 Processing singlecopy file  : /home/nimbul3/singlecopy/incoming/SB012917.TXT
Mon, 06 Feb 2017 16:21:34 Processing singlecopy file  : /home/nimbul3/singlecopy/incoming/DSSBBYPFTP020117.TXT
Mon, 06 Feb 2017 16:21:35 Processing singlecopy file  : /home/nimbul3/singlecopy/incoming/SB012917.TXT
Mon, 06 Feb 2017 16:21:53 Processing singlecopy file  : /home/nimbul3/singlecopy/incoming/DSSBBYPFTP020117.TXT
Mon, 06 Feb 2017 16:21:54 Processing singlecopy file  : /home/nimbul3/singlecopy/incoming/SB012917.TXT
Mon, 06 Feb 2017 16:22:42 Processing singlecopy file  : /home/nimbul3/singlecopy/incoming/DSSBBYPFTP020117.TXT
Mon, 06 Feb 2017 16:22:44 Processing singlecopy file  : /home/nimbul3/singlecopy/incoming/SB012917.TXT
Mon, 06 Feb 2017 16:23:28 Processing singlecopy file  : /home/nimbul3/singlecopy/incoming/DSSBBYPFTP020117.TXT
Mon, 06 Feb 2017 16:23:30 Processing singlecopy file  : /home/nimbul3/singlecopy/incoming/SB012917.TXT
Mon, 06 Feb 2017 16:23:46 Export to Google Storage Complete. 
Mon, 06 Feb 2017 16:26:26 Processing singlecopy file  : /home/nimbul3/singlecopy/incoming/DSSBBYPFTP020117.TXT
Mon, 06 Feb 2017 16:26:28 Processing singlecopy file  : /home/nimbul3/singlecopy/incoming/SB012917.TXT
Mon, 06 Feb 2017 16:26:55 Export to Google Storage Complete. 
Mon, 06 Feb 2017 16:27:24 Processing singlecopy file  : /home/nimbul3/singlecopy/incoming/DSSBBYPFTP020117.TXT
Mon, 06 Feb 2017 16:27:30 Processing singlecopy file  : /home/nimbul3/singlecopy/incoming/SB012917.TXT
Mon, 06 Feb 2017 16:27:44 Export to Google Storage Complete. 
Mon, 06 Feb 2017 16:34:58 Processing singlecopy file  : /home/nimbul3/singlecopy/incoming/SB012917.TXT
Mon, 06 Feb 2017 16:35:17 Export to Google Storage Complete. 
Mon, 06 Feb 2017 16:38:07 Processing singlecopy file  : /home/nimbul3/singlecopy/incoming/DSSBBYPFTP020117.TXT
Mon, 06 Feb 2017 16:38:13 Export to Google Storage Complete. 
Mon, 06 Feb 2017 16:38:13 Processing singlecopy file  : /home/nimbul3/singlecopy/incoming/SB012917.TXT
Mon, 06 Feb 2017 16:38:29 Export to Google Storage Complete. 
Mon, 06 Feb 2017 17:16:33 Processing singlecopy file  : /home/nimbul3/singlecopy/incoming/DSSBBYPFTP020117.TXT
Mon, 06 Feb 2017 17:16:39 Export to Google Storage Complete. 
Mon, 06 Feb 2017 17:16:39 Processing singlecopy file  : /home/nimbul3/singlecopy/incoming/SB012917.TXT
Mon, 06 Feb 2017 17:17:04 Export to Google Storage Complete. 
Mon, 06 Feb 2017 19:24:05 Processing singlecopy file  : /home/nimbul3/singlecopy/incoming/DSSBBYPFTP020117.TXT
Mon, 06 Feb 2017 19:24:13 Export to Google Storage Complete. 
Mon, 06 Feb 2017 19:24:13 Processing singlecopy file  : /home/nimbul3/singlecopy/incoming/SB012917.TXT
Mon, 06 Feb 2017 19:24:29 Export to Google Storage Complete. 
Mon, 06 Feb 2017 19:29:07 Processing singlecopy file  : /home/nimbul3/singlecopy/incoming/DSSBBYPFTP020117.TXT
Mon, 06 Feb 2017 19:29:14 Export to Google Storage Complete. 
Mon, 06 Feb 2017 19:29:14 Processing singlecopy file  : /home/nimbul3/singlecopy/incoming/SB012917.TXT
Mon, 06 Feb 2017 19:29:51 Export to Google Storage Complete. 
Mon, 06 Feb 2017 20:34:53 Processing singlecopy file  : /home/nimbul3/singlecopy/incoming/DSSBBYPFTP020117.TXT
Mon, 06 Feb 2017 20:34:59 Export to Google Storage Complete. 
Mon, 06 Feb 2017 20:34:59 Processing singlecopy file  : /home/nimbul3/singlecopy/incoming/SB012917.TXT
Mon, 06 Feb 2017 20:35:27 Export to Google Storage Complete. 
Wed, 08 Feb 2017 16:59:10 Processing singlecopy file  : /home/nimbul3/singlecopy/incoming/DSSBBYPFTP020817.TXT
Wed, 08 Feb 2017 16:59:14 Processing singlecopy file  : /home/nimbul3/singlecopy/incoming/SB020517.TXT
Wed, 08 Feb 2017 16:59:46 Export to Google Storage Complete. 
Wed, 08 Feb 2017 17:13:13 Processing singlecopy file  : /home/nimbul3/singlecopy/incoming/DSSBBYPFTP020817.TXT
Wed, 08 Feb 2017 17:13:16 Processing singlecopy file  : /home/nimbul3/singlecopy/incoming/SB020517.TXT
Wed, 08 Feb 2017 17:13:32 Export to Google Storage Complete. 
Wed, 08 Feb 2017 17:17:54 Processing singlecopy file  : /home/nimbul3/singlecopy/incoming/DSSBBYPFTP020817.TXT
Wed, 08 Feb 2017 17:17:57 Processing singlecopy file  : /home/nimbul3/singlecopy/incoming/SB020517.TXT
Wed, 08 Feb 2017 17:18:12 Export to Google Storage Complete. 
Wed, 08 Feb 2017 17:21:48 Processing singlecopy file  : /home/nimbul3/singlecopy/incoming/DSSBBYPFTP020817.TXT
Wed, 08 Feb 2017 17:21:50 Processing singlecopy file  : /home/nimbul3/singlecopy/incoming/SB020517.TXT
Wed, 08 Feb 2017 17:22:13 Export to Google Storage Complete. 
Wed, 08 Feb 2017 17:29:33 Processing singlecopy file  : /home/nimbul3/singlecopy/incoming/DSSBBYPFTP020817.TXT
Wed, 08 Feb 2017 17:29:40 Export to Google Storage Complete. 
Wed, 08 Feb 2017 17:29:40 Processing singlecopy file  : /home/nimbul3/singlecopy/incoming/SB020517.TXT
Wed, 08 Feb 2017 17:30:08 Export to Google Storage Complete. 
Wed, 08 Feb 2017 19:28:13 Processing singlecopy file  : /home/nimbul3/singlecopy/incoming/DSSBBYPFTP020817.TXT
Wed, 08 Feb 2017 19:28:21 Export to Google Storage Complete. 
Wed, 08 Feb 2017 19:28:22 Processing singlecopy file  : /home/nimbul3/singlecopy/incoming/SB020517.TXT
Wed, 08 Feb 2017 19:28:55 Export to Google Storage Complete. 
Thu, 09 Feb 2017 20:42:07 Processing singlecopy file  : /home/nimbul3/singlecopy/incoming/DSSBBYPFTP020817.TXT
Thu, 09 Feb 2017 20:42:13 Export to Google Storage Complete. 
Thu, 09 Feb 2017 20:42:13 Processing singlecopy file  : /home/nimbul3/singlecopy/incoming/SB020517.TXT
Thu, 09 Feb 2017 20:42:40 Export to Google Storage Complete. 
Fri, 10 Feb 2017 21:57:31 Processing singlecopy file  : ff
Fri, 10 Feb 2017 21:57:53 Processing singlecopy file  : /home/nimbul3/singlecopy/incoming/DSSBBYPFTP020817.TXT
Fri, 10 Feb 2017 21:57:54 Processing singlecopy file  : /home/nimbul3/singlecopy/incoming/SB020517.TXT
Fri, 10 Feb 2017 21:58:55 Processing singlecopy file  : ff
Fri, 10 Feb 2017 22:00:04 Processing singlecopy file  : ff
Fri, 10 Feb 2017 22:00:20 Processing singlecopy file  : ff
Fri, 10 Feb 2017 23:41:47 Processing singlecopy file  : ff
Sat, 11 Feb 2017 00:04:51 Processing singlecopy file  : ff
Sun, 12 Feb 2017 14:29:16 Processing singlecopy file  : ff
Sun, 12 Feb 2017 14:40:05 Processing singlecopy file  : SB020517.TXT
Sun, 12 Feb 2017 14:42:43 Processing singlecopy file  : SB020517.TXT
Sun, 12 Feb 2017 14:48:41 Processing singlecopy file  : SB020517.TXT
Sun, 12 Feb 2017 15:36:22 Processing singlecopy file  : SB020517.TXT
Sun, 12 Feb 2017 15:37:00 Processing singlecopy file  : SB020517.TXT
Sun, 12 Feb 2017 15:37:12 Processing singlecopy file  : SB020517.TXT
Sun, 12 Feb 2017 15:37:22 Processing singlecopy file  : SB020517.TXT
Sun, 12 Feb 2017 15:38:48 Processing singlecopy file  : SB020517.TXT
Sun, 12 Feb 2017 15:42:32 Processing singlecopy file  : SB020517.TXT
Sun, 12 Feb 2017 15:48:22 Processing singlecopy file  : SB020517.TXT
Sun, 12 Feb 2017 15:55:23 Processing singlecopy file  : SB020517.TXT
Sun, 12 Feb 2017 16:24:37 Processing singlecopy file  : SB020517.TXT
Sun, 12 Feb 2017 16:26:14 Processing singlecopy file  : SB020517.TXT
Sun, 12 Feb 2017 16:26:48 Processing singlecopy file  : SB020517.TXT
Sun, 12 Feb 2017 16:27:09 Processing singlecopy file  : SB020517.TXT
Sun, 12 Feb 2017 16:34:39 Processing singlecopy file  : SB020517.TXT
Sun, 12 Feb 2017 16:35:00 Processing singlecopy file  : SB020517.TXT
Sun, 12 Feb 2017 16:36:47 Processing singlecopy file  : SB020517.TXT
Sun, 12 Feb 2017 16:40:32 Processing singlecopy file  : SB020517.TXT
Sun, 12 Feb 2017 16:40:53 Processing singlecopy file  : SB020517.TXT
Sun, 12 Feb 2017 16:41:05 Processing singlecopy file  : SB020517.TXT
Sun, 12 Feb 2017 16:45:30 Processing singlecopy file  : SB020517.TXT
Sun, 12 Feb 2017 16:46:28 Processing singlecopy file  : SB020517.TXT
Sun, 12 Feb 2017 16:46:38 Processing singlecopy file  : SB020517.TXT
Sun, 12 Feb 2017 16:47:09 Processing singlecopy file  : SB020517.TXT
Sun, 12 Feb 2017 16:49:59 Processing singlecopy file  : SB020517.TXT
Sun, 12 Feb 2017 16:50:17 Processing singlecopy file  : SB020517.TXT
Sun, 12 Feb 2017 16:50:58 Processing singlecopy file  : SB020517.TXT
Sun, 12 Feb 2017 16:51:51 Processing singlecopy file  : SB020517.TXT
Sun, 12 Feb 2017 16:55:09 Processing singlecopy file  : SB020517.TXT
Sun, 12 Feb 2017 16:55:55 Processing singlecopy file  : SB020517.TXT
Sun, 12 Feb 2017 16:56:41 Processing singlecopy file  : SB020517.TXT
Sun, 12 Feb 2017 16:57:08 Processing singlecopy file  : SB020517.TXT
Sun, 12 Feb 2017 19:55:28 Processing singlecopy file  : SB020517.TXT
Sun, 12 Feb 2017 20:33:38 Processing singlecopy file  : SBB
Sun, 12 Feb 2017 20:34:28 Processing singlecopy file  : DSS
Sun, 12 Feb 2017 20:36:06 Processing singlecopy file  : DSS
Sun, 12 Feb 2017 20:39:38 Processing singlecopy file  : /home/nimbul3/singlecopy/incoming/DSSBBYPFTP020817.TXT
Sun, 12 Feb 2017 20:40:03 Processing singlecopy file  : /home/nimbul3/singlecopy/incoming/SB020517.TXT
Sun, 12 Feb 2017 20:41:20 Processing singlecopy file  : /home/nimbul3/singlecopy/incoming/DSSBBYPFTP020817.TXT
Sun, 12 Feb 2017 20:41:38 Processing singlecopy file  : /home/nimbul3/singlecopy/incoming/SB020517.TXT
